[INFO] Scanning for projects...
[INFO] 
[INFO] -----------------------< com.Project:Continuum >------------------------
[INFO] Building Continuum 0.0.1-SNAPSHOT
[INFO]   from pom.xml
[INFO] --------------------------------[ jar ]---------------------------------
[INFO] 
[INFO] --- clean:3.3.2:clean (default-clean) @ Continuum ---
[INFO] Deleting C:\spring-dev\Project-Continuum\target
[INFO] 
[INFO] --- resources:3.3.1:resources (default-resources) @ Continuum ---
[INFO] Copying 1 resource from src\main\resources to target\classes
[INFO] Copying 0 resource from src\main\resources to target\classes
[INFO] 
[INFO] --- compiler:3.11.0:compile (default-compile) @ Continuum ---
[INFO] Changes detected - recompiling the module! :source
[INFO] Compiling 91 source files with javac [debug release 21] to target\classes
[INFO] -------------------------------------------------------------
[ERROR] COMPILATION ERROR : 
[INFO] -------------------------------------------------------------
[ERROR] /C:/spring-dev/Project-Continuum/src/main/java/com/Project/Continuum/ContinuumApplication.java:[5,55] package org.springframework.boot.security.autoconfigure does not exist
[ERROR] /C:/spring-dev/Project-Continuum/src/main/java/com/Project/Continuum/ContinuumApplication.java:[9,29] cannot find symbol
  symbol: class UserDetailsServiceAutoConfiguration
[INFO] 2 errors 
[INFO] -------------------------------------------------------------
[INFO] ------------------------------------------------------------------------
[INFO] BUILD FAILURE
[INFO] ------------------------------------------------------------------------
[INFO] Total time:  2.438 s
[INFO] Finished at: 2026-01-04T04:18:51-07:00
[INFO] ------------------------------------------------------------------------
[ERROR] Failed to execute goal org.apache.maven.plugins:maven-compiler-plugin:3.11.0:compile (default-compile) on project Continuum: Compilation failure: Compilation failure: 
[ERROR] /C:/spring-dev/Project-Continuum/src/main/java/com/Project/Continuum/ContinuumApplication.java:[5,55] package org.springframework.boot.security.autoconfigure does not exist
[ERROR] /C:/spring-dev/Project-Continuum/src/main/java/com/Project/Continuum/ContinuumApplication.java:[9,29] cannot find symbol
[ERROR]   symbol: class UserDetailsServiceAutoConfiguration
[ERROR] -> [Help 1]
[ERROR] 
[ERROR] To see the full stack trace of the errors, re-run Maven with the -e switch.
[ERROR] Re-run Maven using the -X switch to enable full debug logging.
[ERROR] 
[ERROR] For more information about the errors and possible solutions, please read the following articles:
[ERROR] [Help 1] http://cwiki.apache.org/confluence/display/MAVEN/MojoFailureException
